#"Progress (%)"	"Step"	"Time (ps)"	"Potential Energy (kJ/mole)"	"Kinetic Energy (kJ/mole)"	"Total Energy (kJ/mole)"	"Temperature (K)"	"Box Volume (nm^3)"	"Density (g/mL)"	"Speed (ns/day)"	"Time Remaining"
21.0%	105000	210.0000000002746	-870053.2906402377	132713.875	-737339.4156402377	300.4858865417162	522.0771272269801	1.0155575178786491	0	--
22.0%	110000	220.00000000032236	-870525.8962775175	132371.21875	-738154.6775275175	299.71005683242385	521.8328371301906	1.0160329395590904	17.4	1:04:38
23.0%	115000	230.0000000003701	-870425.5976987053	133749.703125	-736675.8945737053	302.83117057811006	522.1053498701293	1.015502621453183	17.3	1:03:57
24.0%	120000	240.00000000041786	-870176.6231845971	132610.203125	-737566.4200595971	300.251156486032	522.1906739051678	1.0153366920607512	17.4	1:02:56
25.0%	125000	250.0000000004656	-869294.4670313657	133000.3125	-736294.1545313657	301.13442781990807	522.6633426461233	1.0144184759228978	17.4	1:02:04
26.0%	130000	260.00000000051335	-870824.7499983707	132763.265625	-738061.4843733707	300.59771498271357	521.5423947102681	1.0165987594592165	17.4	1:01:14
27.0%	135000	270.0000000005611	-870714.8582373345	131142.84375	-739572.0144873345	296.9288152261436	521.7776936360186	1.016140317868214	17.4	1:00:27
28.0%	140000	280.00000000060885	-869622.5343223573	133420.6875	-736201.8468223573	302.0862254714722	521.749170131764	1.016195869241056	17.3	59:51
29.0%	145000	290.0000000006566	-869476.1449472425	133252.1875	-736223.9574472425	301.70471395368793	521.0902998332082	1.0174807545593443	17.3	59:13
30.0%	150000	300.00000000070435	-868574.6807380882	133053.125	-735521.5557380882	301.2540039447329	522.9879642423638	1.0137888206202428	17.3	58:25
31.0%	155000	310.0000000007521	-871007.1948454217	132589.15625	-738418.0385954217	300.2035029238607	521.1859507628515	1.017294020861083	17.2	57:37
32.0%	160000	320.00000000079984	-868880.619827813	133135.59375	-735745.026077813	301.44072666272854	522.3756361426581	1.0149771826706193	17.2	56:48
33.0%	165000	330.0000000008476	-870486.7492435281	132918.71875	-737568.0304935281	300.9496862448089	521.5655539348153	1.0165536191335813	17.2	56:00
34.0%	170000	340.00000000089534	-869814.974690408	132758.140625	-737056.834065408	300.58611114574836	524.1876566395837	1.0114685928829443	17.2	55:13
35.0%	175000	350.0000000009431	-869117.8494785563	132280.71875	-736837.1307285563	299.5051500528424	521.9355204251628	1.015833049714557	17.2	54:24
36.0%	180000	360.00000000099084	-869930.9532450996	133113.421875	-736817.5313700996	301.39052591683316	521.12168984871	1.0174194661169695	17.2	53:38
37.0%	185000	370.0000000010386	-871735.0156628201	132378.6875	-739356.3281628201	299.7269673021476	521.562018894227	1.0165605091258998	17.2	52:51
38.0%	190000	380.00000000108633	-869509.2954520923	132982.84375	-736526.4517020923	301.0948757170814	521.3336143911439	1.0170058803652202	17.2	52:03
39.0%	195000	390.0000000011341	-870664.3086654702	131874.609375	-738789.6992904702	298.5856521060017	521.1207160808414	1.0174213672703003	17.1	51:15
40.0%	200000	400.00000000118183	-869024.5578282434	132864.71875	-736159.8390782434	300.8274214260531	523.7135600966586	1.0123842341794471	17.1	50:26
41.0%	205000	410.0000000012296	-870325.0690639308	132220.203125	-738104.8659389308	299.368132795018	520.7419615077346	1.0181613748443288	17.1	49:37
42.0%	210000	420.00000000127733	-871090.390515714	132640.25	-738450.140515714	300.31918751799594	521.6243696922959	1.0164389976269899	17.1	48:49
43.0%	215000	430.0000000013251	-870101.396258946	131674.59375	-738426.802508946	298.1327840663915	521.6707750915288	1.0163485799541339	17.1	48:00
44.0%	220000	440.0000000013728	-869459.868348321	133782.65625	-735677.212098321	302.9057818346945	522.4383495861375	1.014855344918416	17.1	47:13
45.0%	225000	450.0000000014206	-869845.4801941863	132037.015625	-737808.4645691863	298.95336637861385	522.5488509192862	1.0146407374833994	17	46:27
46.0%	230000	460.0000000014683	-870346.3219004911	132193.9375	-738152.3844004911	299.3086631305711	522.8157446143655	1.0141227706501614	17	45:38
47.0%	235000	470.00000000151607	-869407.8249417925	131137.125	-738270.6999417925	296.9158670422128	523.1824909507222	1.0134118794846791	17	44:50
48.0%	240000	480.0000000015638	-869065.0074842554	133265.4375	-735799.5699842554	301.73471411754934	522.188518907069	1.0153408822115528	17	44:02
49.0%	245000	490.00000000161157	-870177.3186934246	133504.796875	-736672.5218184246	302.2766628323988	523.1867374688626	1.013403653985786	17	43:11
50.0%	250000	500.0000000016593	-869745.8730446207	132162.78125	-737583.0917946207	299.23812029243487	520.7293310034802	1.0181860707675483	17	42:23
51.0%	255000	510.00000000170706	-869269.9663227308	131492.328125	-737777.6381977308	297.72010492553903	522.1582855429245	1.0153996712252917	17	41:32
52.0%	260000	520.0000000015274	-870766.9015079006	132706.421875	-738060.4796329006	300.4690114495442	519.6727508237434	1.0202562105236772	17	40:41
53.0%	265000	530.0000000012909	-871469.7077139085	132530.859375	-738938.8483389085	300.071509278381	520.5788654931056	1.018480362174575	17	39:52
54.0%	270000	540.0000000010544	-869798.3436924024	133461.5	-736336.8436924024	302.17863163657347	521.3844409629984	1.0169067386985464	17	39:03
55.0%	275000	550.000000000818	-869850.7218214143	132652.796875	-737197.9249464143	300.3475956920298	521.1722761503519	1.0173207128057047	16.9	38:14
56.0%	280000	560.0000000005815	-871516.2849742668	132251.921875	-739264.3630992668	299.43994922501633	521.5483059540614	1.0165872372990663	16.9	37:25
57.0%	285000	570.000000000345	-869220.7466694019	132362.5625	-736858.1841694019	299.69045766876917	522.53741401864	1.0146629451665146	16.9	36:35
58.0%	290000	580.0000000001086	-870190.5781363668	132457.625	-737732.9531363668	299.90569469345377	523.2581434311346	1.0132653607475608	16.9	35:46
59.0%	295000	589.9999999998721	-870075.9127168152	133603.0	-736472.9127168152	302.4990107449798	521.8946403892918	1.015912619973183	16.9	34:56
60.0%	300000	599.9999999996356	-869036.0920522753	133306.53125	-735729.5608022753	301.8277570785816	522.1488483263549	1.0154180233611487	16.9	34:06
61.0%	305000	609.9999999993992	-869341.7512373175	133042.734375	-736299.0168623175	301.23047787283684	522.7191573452509	1.014310158748699	16.9	33:16
62.0%	310000	619.9999999991627	-869812.8066704399	132556.203125	-737256.6035454399	300.12889166727626	523.2430762409097	1.0132945385095458	16.9	32:26
63.0%	315000	629.9999999989262	-869950.907240998	134139.90625	-735811.000990998	303.71465417729644	523.4551773699901	1.0128839571933215	16.9	31:35
64.0%	320000	639.9999999986898	-870199.4266843074	132339.9375	-737859.4891843074	299.6392309738738	522.968739658079	1.0138260879885403	16.9	30:45
65.0%	325000	649.9999999984533	-870756.7018723926	131930.671875	-738826.0299973926	298.712586761585	522.5208972239278	1.014695018485795	16.8	29:55
66.0%	330000	659.9999999982168	-870788.9143184857	133588.1875	-737200.7268184857	302.46547282594616	522.6985790582581	1.014350091448696	16.8	29:04
67.0%	335000	669.9999999979804	-870461.1333533009	133781.046875	-736680.0864783009	302.9021379468671	523.795049990902	1.0122267315757505	16.8	28:14
68.0%	340000	679.9999999977439	-869553.7227909695	132979.390625	-736574.3321659695	301.08705727815055	523.1060373166179	1.0135599928986032	16.8	27:23
69.0%	345000	689.9999999975074	-869558.0667640353	132679.640625	-736878.4261390353	300.4083743258904	522.7094099761201	1.0143290733795467	16.8	26:32
70.0%	350000	699.999999997271	-869871.2332797879	133068.78125	-736802.4520297879	301.2894522515596	521.8616889649367	1.0159767667932242	16.8	25:41
71.0%	355000	709.9999999970345	-869832.3735205224	132992.53125	-736839.8422705224	301.11680979914985	522.2098175997304	1.0152994708235092	16.8	24:50
72.0%	360000	719.999999996798	-870490.5938854916	132830.234375	-737660.3595104916	300.74934316939976	522.4818134245585	1.01477092186751	16.8	24:00
73.0%	365000	729.9999999965615	-868561.4491399699	133204.4375	-735357.0116399699	301.59660015562145	521.4943192509354	1.016692477550697	16.8	23:09
74.0%	370000	739.9999999963251	-870881.4839010686	131645.328125	-739236.1557760686	298.06652191201374	522.0768937734033	1.015557971998603	16.8	22:18
75.0%	375000	749.9999999960886	-869545.2424097955	133352.3125	-736192.9299097955	301.93141330513095	522.9263968673145	1.013908180279487	16.8	21:27
76.0%	380000	759.9999999958521	-870575.2175989584	132278.6875	-738296.5300989584	299.5005509711184	521.6677002582885	1.0163545705538888	16.8	20:35
77.0%	385000	769.9999999956157	-871529.3820232041	131341.0625	-740188.3195232041	297.37761484730555	521.6902392764375	1.0163106601404157	16.8	19:44
78.0%	390000	779.9999999953792	-869498.8201373783	131753.40625	-737745.4138873783	298.3112284372839	520.3351266377534	1.018957445548283	16.8	18:53
79.0%	395000	789.9999999951427	-870085.6426813551	133329.71875	-736755.9239313551	301.88025736533905	522.0210172960074	1.0156666760549273	16.8	18:02
80.0%	400000	799.9999999949063	-871078.5253052823	133710.3125	-737368.2128052823	302.7419837702156	520.4335548618755	1.018764732816976	16.8	17:11
81.0%	405000	809.9999999946698	-870703.4875493068	133108.328125	-737595.1594243068	301.3789928349713	522.7972999782895	1.0141585495752663	16.8	16:19
82.0%	410000	819.9999999944333	-869666.9488908541	132889.6875	-736777.2613908541	300.883954753707	522.1535944077207	1.0154087937846206	16.7	15:28
83.0%	415000	829.9999999941969	-871560.7076544212	132720.34375	-738840.3639044212	300.50053284812964	521.0515778162486	1.0175563687762692	16.8	14:36
84.0%	420000	839.9999999939604	-870372.1575289369	132323.296875	-738048.8606539369	299.60155388128845	524.1471081793325	1.0115468409423034	16.9	13:40
85.0%	425000	849.9999999937239	-869169.702752857	132956.34375	-736213.359002857	301.03487538935866	520.9733484627444	1.0177091650318135	17	12:40
86.0%	430000	859.9999999934874	-871065.0350958593	132345.140625	-738719.8944708593	299.65101169859764	524.2870813743116	1.0112767800382154	17.2	11:41
87.0%	435000	869.999999993251	-869689.7823153706	132767.5	-736922.2823153706	300.60730229923064	522.8646329600479	1.01402794919648	17.4	10:44
88.0%	440000	879.9999999930145	-869923.0237170705	132970.03125	-736952.9924670705	301.0658661246683	522.1490912090472	1.015417551029649	17.6	9:48
89.0%	445000	889.999999992778	-869192.5347631415	132865.59375	-736326.9410131415	300.82940256894966	524.5083832449	1.0108500996451957	17.8	8:53
90.0%	450000	899.9999999925416	-870820.615429291	132339.828125	-738480.787304291	299.63898333101173	520.9617711049958	1.0177317816300766	18	7:59
91.0%	455000	909.9999999923051	-871049.8643371817	132362.0	-738687.8643371817	299.6891840769071	521.7788912852764	1.0161379855015396	18.2	7:07
92.0%	460000	919.9999999920686	-869882.1236659973	132659.453125	-737222.6705409973	300.3626665290639	520.7630088710898	1.0181202244322496	18.4	6:16
93.0%	465000	929.9999999918322	-869546.2795994068	133040.1875	-736506.0920994068	301.224711331906	523.2988601596974	1.0131865208077167	18.6	5:25
94.0%	470000	939.9999999915957	-869190.9896858432	132344.28125	-736846.7084358432	299.64906593325287	522.6087439340265	1.0145244556696114	18.7	4:36
95.0%	475000	949.9999999913592	-869208.5603292328	131175.90625	-738032.6540792328	297.0036741255901	520.1620372645181	1.0192965143248722	18.9	3:48
96.0%	480000	959.9999999911228	-871492.0017301398	131285.4375	-740206.5642301398	297.2516707631706	520.6354527771199	1.0183696646851708	19.1	3:00
97.0%	485000	969.9999999908863	-871379.0035966071	132301.65625	-739077.3473466071	299.5525559721517	521.2280778159154	1.017211800426263	19.3	2:14
98.0%	490000	979.9999999906498	-870543.784346899	133573.03125	-736970.753096899	302.4311566007745	521.417885561054	1.016841512633086	19.4	1:28
99.0%	495000	989.9999999904134	-869683.6975426627	131289.046875	-738394.6506676627	297.25984297761863	522.74860933337	1.0142530118711919	19.6	0:44
100.0%	500000	999.9999999901769	-870101.5780878509	131882.25	-738219.3280878509	298.60295172879444	524.4572233680724	1.0109487062889497	19.8	0:00
101.0%	505000	1009.9999999899404	-870079.7310974007	132217.0	-737862.7310974007	299.3608803969147	521.7755069455566	1.0161445763746246	20	23:59:17
102.0%	510000	1019.999999989704	-869044.958709613	133341.34375	-735703.614959613	301.9065782638212	522.0549882436881	1.0156005850103245	20.1	23:58:35
103.0%	515000	1029.9999999894676	-870694.0072548948	132972.65625	-737721.3510048948	301.07180955335775	521.2153661506289	1.0172366087047064	20.3	23:57:53
104.0%	520000	1039.9999999892311	-869732.01230687	133291.875	-736440.13730687	301.79457293506516	521.4893293412576	1.016702205848761	20.5	23:57:12
105.0%	525000	1049.9999999889947	-869748.6238983581	133197.328125	-736551.2957733581	301.58050336958735	522.5972350650799	1.0145467979787934	20.6	23:56:31
106.0%	530000	1059.9999999887582	-870119.991938326	133431.5	-736688.491938326	302.1107067372647	521.8394745022725	1.016020016449596	20.8	23:55:51
107.0%	535000	1069.9999999885217	-870655.9710415923	132227.53125	-738428.4397915923	299.38472486677625	520.181981293431	1.0192574340032086	21	23:55:12
108.0%	540000	1079.9999999882853	-870063.7993526468	133795.984375	-736267.8149776468	302.93595888631455	521.595576075022	1.016495108063547	21.1	23:54:33
109.0%	545000	1089.9999999880488	-870856.8753971164	133215.03125	-737641.8441471164	301.62058613568985	522.0403996677785	1.0156289662739921	21.3	23:53:55
110.0%	550000	1099.9999999878123	-870268.4805779615	131839.78125	-738428.6993279615	298.5067955432104	522.5694927803638	1.0146006584634106	21.5	23:53:18
111.0%	555000	1109.9999999875758	-868916.1707296027	133160.84375	-735755.3269796027	301.4978967863134	523.3926770463354	1.0130049095450175	21.6	23:52:41
112.0%	560000	1119.9999999873394	-871730.5945127029	132764.15625	-738966.4382627029	300.5997315031618	523.6544914867046	1.0124984318621262	21.8	23:52:04
113.0%	565000	1129.999999987103	-870085.1863814015	133080.875	-737004.3113814015	301.31683447659344	520.4119411650812	1.0188070440521688	21.9	23:51:28
114.0%	570000	1139.9999999868664	-870011.5411273097	133151.359375	-736860.1817523097	301.47642261241737	521.7527345208501	1.0161889270302615	22.1	23:50:53
115.0%	575000	1149.99999998663	-870166.767437581	132381.8125	-737784.954937581	299.73404281249225	522.0102327541529	1.0156876593596422	22.2	23:50:18
116.0%	580000	1159.9999999863935	-870651.0392475664	132696.546875	-737954.4923725664	300.4466528368551	522.413361508626	1.0149038874823897	22.4	23:49:43
117.0%	585000	1169.999999986157	-870147.2437163228	132364.875	-737782.3687163228	299.69569354642425	521.2881386678438	1.0170946011217068	22.5	23:49:09
118.0%	590000	1179.9999999859206	-871563.9927420821	132319.984375	-739244.0083670821	299.5940538403231	521.6174142623443	1.016452551181865	22.7	23:48:35
119.0%	595000	1189.999999985684	-870330.1712358291	132123.03125	-738207.1399858291	299.14811980085074	520.8549160305062	1.01794057260428	22.8	23:48:02
