#"Progress (%)"	"Step"	"Time (ps)"	"Potential Energy (kJ/mole)"	"Kinetic Energy (kJ/mole)"	"Total Energy (kJ/mole)"	"Temperature (K)"	"Box Volume (nm^3)"	"Density (g/mL)"	"Speed (ns/day)"	"Time Remaining"
21.0%	105000	210.0000000002746	-759111.1873929496	117992.375	-641118.8123929496	301.88627202175076	463.4084865393421	1.0120098283114596	0	--
22.0%	110000	220.00000000032236	-760356.8763224864	116667.4765625	-643689.3997599864	298.4964881471206	462.77585075554987	1.0133932920982887	27.9	40:16
23.0%	115000	230.0000000003701	-758916.4244238166	117075.859375	-641840.5650488166	299.54134519676796	460.2751616911418	1.018899088922483	28.2	39:23
24.0%	120000	240.00000000041786	-760400.896233052	117050.8046875	-643350.091545552	299.47724218836555	461.8579225662065	1.0154073796006529	28.3	38:37
25.0%	125000	250.0000000004656	-759894.4048604323	117253.390625	-642641.0142354323	299.9955630835582	462.5920290076539	1.0137959875936242	28.3	38:12
26.0%	130000	260.00000000051335	-759762.0566101484	116890.484375	-642871.5722351484	299.0670588907585	461.0190084208881	1.0172551116864195	28.5	37:25
27.0%	135000	270.0000000005611	-760020.2912630495	117449.703125	-642570.5881380495	300.4978332410685	460.99368899802477	1.0173109829769542	28.6	36:46
28.0%	140000	280.00000000060885	-758107.1337108524	117644.109375	-640463.0243358524	300.9952262130316	460.29960306187337	1.0188449865721771	28.6	36:13
29.0%	145000	290.0000000006566	-759403.1155750155	117211.109375	-642192.0062000155	299.88738550904185	461.07440404924677	1.0171328939150188	29	35:16
30.0%	150000	300.00000000070435	-760960.3961889725	116721.140625	-644239.2555639725	298.6337889156632	460.90042119376295	1.0175168460164976	29.5	34:11
31.0%	155000	310.0000000007521	-759518.331146243	116590.21875	-642928.112396243	298.2988222131975	462.77171781294743	1.0134023425569676	29.7	33:29
32.0%	160000	320.00000000079984	-760110.9670183794	117527.28125	-642583.6857683794	300.6963187020713	461.3532891119565	1.0165180436958956	29.9	32:46
33.0%	165000	330.0000000008476	-759778.2388107115	118230.71875	-641547.5200607115	302.49608012288604	461.70926324288416	1.0157343164545676	30	32:08
34.0%	170000	340.00000000089534	-759812.1163674383	117054.625	-642757.4913674383	299.4870165479255	460.50253416241196	1.0183960089465072	30.1	31:32
35.0%	175000	350.0000000009431	-759025.7239769562	118340.5703125	-640685.1536644562	302.77713793428177	460.7629595411672	1.017820406761347	30.2	31:00
36.0%	180000	360.00000000099084	-758537.5552818789	116224.984375	-642312.5709068789	297.3643614577212	461.30430645092946	1.0166259806001603	30.3	30:27
37.0%	185000	370.0000000010386	-757562.0751855443	116410.3515625	-641151.7236230443	297.8386277752653	459.872435689208	1.0197913736619257	30.3	29:57
38.0%	190000	380.00000000108633	-758981.1492518783	117950.015625	-641031.1336268783	301.7778945625809	459.7563580319542	1.0200488469768114	30.3	29:27
39.0%	195000	390.0000000011341	-757487.0474006613	117301.6953125	-640185.3520881613	300.11915176486536	461.09262136736726	1.017092707990021	30.4	28:55
40.0%	200000	400.00000000118183	-759795.438084234	117151.03125	-642644.406834234	299.73367421044054	461.2244739553762	1.0168019465205709	30.4	28:24
41.0%	205000	410.0000000012296	-758358.906336816	117422.140625	-640936.765711816	300.4273139352863	460.8977005252629	1.0175228523949804	30.5	27:54
42.0%	210000	420.00000000127733	-760293.4002236072	117564.96875	-642728.4314736072	300.7927430589573	459.5807531435007	1.020438605605225	30.5	27:22
43.0%	215000	430.0000000013251	-758811.164739647	116788.65625	-642022.508489647	298.8065292332852	461.9224815206365	1.0152654647959616	30.5	26:53
44.0%	220000	440.0000000013728	-759944.0134549993	117690.09375	-642253.9197049993	301.1128783201275	460.2805943430192	1.018887062945033	30.5	26:24
45.0%	225000	450.0000000014206	-760409.169605155	116287.9296875	-644121.239917655	297.5254085231088	460.9728526991291	1.017356966152725	30.5	25:59
46.0%	230000	460.0000000014683	-759315.4769099681	117201.9921875	-642113.4847224681	299.8640589699694	461.7478199080948	1.0156495010503708	30.4	25:35
47.0%	235000	470.00000000151607	-759505.5776710706	116942.328125	-642563.2495460706	299.19970234687275	461.08739269479224	1.0171042416923792	30.2	25:14
48.0%	240000	480.0000000015638	-761058.2212390918	117882.875	-643175.3462390918	301.6061136912961	461.75047935040953	1.0156436514381217	30.1	24:51
49.0%	245000	490.00000000161157	-759303.2780224457	117319.0625	-641984.2155224457	300.1635861233557	461.2157016270383	1.0168212861061445	30.1	24:23
50.0%	250000	500.0000000016593	-760877.8976032287	117766.6328125	-643111.2647907287	301.30870531523766	459.73431698117537	1.020097751197364	30	23:58
51.0%	255000	510.00000000170706	-759486.5020040069	118105.578125	-641380.9238790069	302.1759048847851	460.34164355030305	1.0187519410233556	29.9	23:34
52.0%	260000	520.0000000015274	-760259.7002875404	117742.3515625	-642517.3487250404	301.2465811649057	460.2385106392768	1.0189802288586032	29.8	23:09
53.0%	265000	530.0000000012909	-760058.1154179727	117819.78125	-642238.3341679727	301.4446868450667	460.11531553739064	1.0192530591010993	29.7	22:46
54.0%	270000	540.0000000010544	-759807.7866093982	117655.234375	-642152.5522343982	301.0236897877011	460.33783319027987	1.0187603735513595	29.6	22:20
55.0%	275000	550.000000000818	-759486.9994566627	117008.59375	-642478.4057066627	299.36924451003745	460.3792959142058	1.0186686218577232	29.6	21:55
56.0%	280000	560.0000000005815	-760796.2524252655	117281.9609375	-643514.2914877655	300.06866090137163	459.66429048130743	1.0202531556447367	29.5	21:26
57.0%	285000	570.000000000345	-760063.4494493646	117146.0	-642917.4494493646	299.7208016387501	461.2220844928086	1.01680721428695	29.6	20:57
58.0%	290000	580.0000000001086	-758925.7151566278	117329.6484375	-641596.0667191278	300.1906704939155	461.6088396166677	1.0159552908263225	29.5	20:28
59.0%	295000	589.9999999998721	-759378.6714315787	117128.0546875	-642250.6167440787	299.6748881338233	459.1908987266484	1.0213049609677223	29.5	20:01
60.0%	300000	599.9999999996356	-760271.6188027328	117018.9609375	-643252.6578652328	299.3957692035672	461.4308015121902	1.0163472862319607	29.4	19:34
61.0%	305000	609.9999999993992	-759369.3567200517	117352.8828125	-642016.4739075517	300.2501161898896	459.7582384001266	1.02004467507248	29.4	19:06
62.0%	310000	619.9999999991627	-759771.494600819	117406.3046875	-642365.189913319	300.3867973160061	461.80073951053333	1.0155331136927641	29.3	18:38
63.0%	315000	629.9999999989262	-758361.610605814	118190.0234375	-640171.587168314	302.3919602068373	459.9425730448762	1.0196358640951368	29.3	18:11
64.0%	320000	639.9999999986898	-760011.0662860326	117914.453125	-642096.6131610326	301.68690706827226	462.4817367810426	1.0140377567445091	29.3	17:43
65.0%	325000	649.9999999984533	-760486.9922550255	117862.4765625	-642624.5156925255	301.55392380824696	462.17019836622495	1.0147212965236168	29.2	17:14
66.0%	330000	659.9999999982168	-760058.609811957	118345.1171875	-641713.492624457	302.78877122112004	459.9760702119637	1.0195616104216962	29.2	16:46
67.0%	335000	669.9999999979804	-759844.2736352351	116745.8046875	-643098.4689477351	298.69689250079773	460.0884328805347	1.0193126133699724	29.1	16:18
68.0%	340000	679.9999999977439	-760556.3135886891	118070.3125	-642486.0010886891	302.08567695216004	459.42528743448065	1.0207839135707872	29.1	15:49
69.0%	345000	689.9999999975074	-759236.7551499838	118239.8359375	-640996.9192124838	302.51940666195856	460.6867215794122	1.0179888434659652	29.1	15:21
70.0%	350000	699.999999997271	-758506.6321778884	118545.234375	-639961.3978028884	303.3007757612596	462.02274436775383	1.0150451435946326	29	14:53
71.0%	355000	709.9999999970345	-760792.6659198166	116834.75	-643957.9159198166	298.9244611788961	460.5186984534891	1.018360263059151	28.9	14:25
72.0%	360000	719.999999996798	-760142.6023089672	117675.2890625	-642467.3132464672	301.0750001782745	460.5828942383019	1.0182183245783107	28.9	13:57
73.0%	365000	729.9999999965615	-759799.0038481583	116277.140625	-643521.8632231583	297.49780445244977	460.7349601538122	1.0178822608646632	28.8	13:28
74.0%	370000	739.9999999963251	-758988.5914584044	118393.46875	-640595.1227084044	302.9124798332193	461.4215460620003	1.0163676726915085	28.8	12:59
75.0%	375000	749.9999999960886	-758010.0920792222	117567.0703125	-640443.0217667222	300.7981199561385	462.13572036197024	1.0147970006158076	28.8	12:30
76.0%	380000	759.9999999958521	-759458.2371972883	117151.546875	-642306.6903222883	299.73499344915416	461.19110144117826	1.0168755239102707	28.8	12:01
77.0%	385000	769.9999999956157	-759689.0325060291	116697.2734375	-642991.7590685291	298.57272415399524	461.19178320169135	1.016874020705738	28.7	11:32
78.0%	390000	779.9999999953792	-758749.0451562274	116964.859375	-641784.1857812274	299.25734908096456	461.68662172461256	1.0157841289594203	28.7	11:03
79.0%	395000	789.9999999951427	-758891.5987256737	116451.046875	-642440.5518506737	297.94274769131397	461.8360405966689	1.01545548999351	28.6	10:34
80.0%	400000	799.9999999949063	-760767.211075244	117701.3203125	-643065.890762744	301.1416017448466	460.8539567601261	1.0176194345768703	28.6	10:04
81.0%	405000	809.9999999946698	-759967.527191144	117480.234375	-642487.292816144	300.57594816368675	460.84961959181953	1.0176290116418654	28.6	9:33
82.0%	410000	819.9999999944333	-758720.743745551	117644.453125	-641076.290620551	300.9961057055073	459.365355495182	1.0209170920066735	28.6	9:03
83.0%	415000	829.9999999941969	-757839.3977161455	117495.59375	-640343.8039661455	300.61524548658014	460.29253281766836	1.0188606363651862	28.6	8:33
84.0%	420000	839.9999999939604	-759935.6846990231	117631.0703125	-642304.6143865231	300.96186546434944	463.089191494711	1.0127075982642735	28.6	8:03
85.0%	425000	849.9999999937239	-758628.5245647212	117201.609375	-641426.9151897212	299.86307953516683	461.86824352521916	1.0153846891946918	28.6	7:32
86.0%	430000	859.9999999934874	-758983.5277447342	117180.125	-641803.4027447342	299.80811125543295	460.70673568937514	1.0179446198002884	28.6	7:02
87.0%	435000	869.999999993251	-759911.2949518049	117343.1875	-642568.1074518049	300.22531050438056	460.45512797791383	1.018500857966876	28.6	6:32
88.0%	440000	879.9999999930145	-758993.1880071093	117243.46875	-641749.7192571093	299.9701777325538	460.3932287535889	1.0186377939797124	28.6	6:02
89.0%	445000	889.999999992778	-758381.6428807112	117192.421875	-641189.2210057112	299.83957309990603	460.5293240203444	1.0183367669330772	28.6	5:32
90.0%	450000	899.9999999925416	-760587.252487422	116582.75	-644004.502487422	298.2797132403155	462.893821480763	1.0131350239252277	28.6	5:02
91.0%	455000	909.9999999923051	-759280.3090589163	116719.5859375	-642560.7231214163	298.629811211057	461.89175463916547	1.0153330043034003	28.6	4:31
92.0%	460000	919.9999999920686	-761365.5844372674	117092.96875	-644272.6156872674	299.5851199359015	460.6399668652793	1.0180921687976567	28.6	4:01
93.0%	465000	929.9999999918322	-761573.8350191582	117578.5546875	-643995.2803316582	300.82750300021445	459.88960485625614	1.0197533015501323	28.6	3:31
94.0%	470000	939.9999999915957	-760198.8391568777	116883.5234375	-643315.3157193777	299.0492491681247	462.4671273102074	1.0140697904916838	28.6	3:01
95.0%	475000	949.9999999913592	-759452.1244801539	117297.0703125	-642155.0541676539	300.1073185933736	459.6462857086718	1.0202931199100196	28.6	2:31
96.0%	480000	959.9999999911228	-758872.7163713248	117390.28125	-641482.4351213248	300.34580097355723	460.4770143885674	1.0184524487578777	28.6	2:00
97.0%	485000	969.9999999908863	-759296.8559276043	118035.2421875	-641261.6137401043	301.995948731169	461.27511266180426	1.0166903221691765	28.6	1:30
98.0%	490000	979.9999999906498	-760498.6293829354	117891.453125	-642607.1762579354	301.628061026259	461.27170276785154	1.0166978379265068	28.6	1:00
99.0%	495000	989.9999999904134	-758476.6667848746	117088.4765625	-641388.1902223746	299.5736265683208	460.8560648763453	1.0176147796310022	28.6	0:30
100.0%	500000	999.9999999901769	-759727.1707643475	117237.640625	-642489.5301393475	299.9552663373969	461.407272669245	1.016399113494104	28.6	0:00
101.0%	505000	1009.9999999899404	-759005.6757387212	116792.125	-642213.5507387212	298.81540411190406	460.77235818339574	1.0177996456855445	28.6	23:59:30
102.0%	510000	1019.999999989704	-759442.3220102107	117073.3125	-642369.0095102107	299.53482895706134	460.2427943071913	1.0189707447928757	28.6	23:59:00
103.0%	515000	1029.9999999894676	-760690.1747772871	116998.7265625	-643691.4482147871	299.34399907829055	461.15313694995194	1.016959238318376	28.6	23:58:30
104.0%	520000	1039.9999999892311	-759949.0294426545	117679.046875	-642269.9825676545	301.0846146301116	460.88335611734027	1.0175545214988253	28.6	23:58:00
105.0%	525000	1049.9999999889947	-759691.8718138365	117323.0234375	-642368.8483763365	300.1737202752921	460.77274910359705	1.0177987821829975	28.6	23:57:29
106.0%	530000	1059.9999999887582	-759719.9055335713	116820.078125	-642899.8274085713	298.8869228409542	459.7173781694282	1.02013533786385	28.6	23:56:59
107.0%	535000	1069.9999999885217	-761302.6168324184	117849.1484375	-643453.4683949184	301.5198234863466	458.92715314756083	1.0218919052496371	28.6	23:56:29
108.0%	540000	1079.9999999882853	-759572.3439337299	116888.7109375	-642683.6329962299	299.0625215091223	461.4563128545406	1.0162910980667026	28.6	23:55:59
109.0%	545000	1089.9999999880488	-759839.7817822206	117300.4921875	-642539.2895947206	300.1160735412003	460.15523620722627	1.0191646340183234	28.6	23:55:28
110.0%	550000	1099.9999999878123	-759632.5756132789	117247.25	-642385.3256132789	299.979852149787	460.54884146366817	1.018293611184232	28.6	23:54:58
111.0%	555000	1109.9999999875758	-759624.5879007843	116773.359375	-642851.2285257843	298.7673918181146	460.4827819174075	1.0184396926807753	28.6	23:54:28
112.0%	560000	1119.9999999873394	-759059.8386875568	117590.75	-641469.0886875568	300.85870499463795	461.0753200161265	1.017130873290616	28.6	23:53:58
113.0%	565000	1129.999999987103	-760510.8781664581	116622.328125	-643888.5500414581	298.38097480581797	459.01829223587976	1.0216890063713566	28.6	23:53:27
114.0%	570000	1139.9999999868664	-760133.6438177996	117929.921875	-642203.7219427996	301.7264842296807	461.1034773565424	1.0170687620690504	28.6	23:52:57
115.0%	575000	1149.99999998663	-759384.7444813917	116706.875	-642677.8694813917	298.5972899779199	460.37700401034925	1.0186736931156763	28.6	23:52:27
116.0%	580000	1159.9999999863935	-759553.5220578928	117623.15625	-641930.3658078928	300.94161714894204	461.5486064113642	1.016087875439864	28.6	23:51:57
117.0%	585000	1169.999999986157	-760887.826494298	117012.59375	-643875.232744298	299.37947860430063	460.88673607662145	1.0175470591602946	28.6	23:51:26
118.0%	590000	1179.9999999859206	-760444.1248783241	116902.640625	-643541.4842533241	299.09816094285526	460.6825211927962	1.017998125230557	28.6	23:50:56
119.0%	595000	1189.999999985684	-760520.7678526398	118004.03125	-642516.7366026398	301.9160948120646	461.88250443828525	1.0153533385532583	28.6	23:50:26
